mode: set
github.com/loickreitmann/utils/random_string.go:10.49,16.16 1 1
github.com/loickreitmann/utils/random_string.go:16.16,18.3 1 1
github.com/loickreitmann/utils/random_string.go:19.2,20.30 2 1
github.com/loickreitmann/utils/random_string.go:20.30,24.3 3 1
github.com/loickreitmann/utils/random_string.go:25.2,25.29 1 1
github.com/loickreitmann/utils/upload_files.go:26.51,28.29 2 1
github.com/loickreitmann/utils/upload_files.go:28.29,30.46 1 1
github.com/loickreitmann/utils/upload_files.go:30.46,31.48 1 1
github.com/loickreitmann/utils/upload_files.go:31.48,33.5 1 1
github.com/loickreitmann/utils/upload_files.go:35.8,38.3 1 1
github.com/loickreitmann/utils/upload_files.go:39.2,39.14 1 1
github.com/loickreitmann/utils/upload_files.go:44.107,46.21 2 1
github.com/loickreitmann/utils/upload_files.go:46.21,48.3 1 1
github.com/loickreitmann/utils/upload_files.go:50.2,51.16 2 1
github.com/loickreitmann/utils/upload_files.go:51.16,53.3 1 0
github.com/loickreitmann/utils/upload_files.go:55.2,55.30 1 1
github.com/loickreitmann/utils/upload_files.go:61.107,63.21 2 1
github.com/loickreitmann/utils/upload_files.go:63.21,65.3 1 1
github.com/loickreitmann/utils/upload_files.go:67.2,69.16 3 1
github.com/loickreitmann/utils/upload_files.go:69.16,71.3 1 0
github.com/loickreitmann/utils/upload_files.go:73.2,73.84 1 1
github.com/loickreitmann/utils/upload_files.go:73.84,74.54 1 1
github.com/loickreitmann/utils/upload_files.go:74.54,75.36 1 1
github.com/loickreitmann/utils/upload_files.go:75.36,78.19 3 1
github.com/loickreitmann/utils/upload_files.go:78.19,80.6 1 0
github.com/loickreitmann/utils/upload_files.go:81.5,86.19 4 1
github.com/loickreitmann/utils/upload_files.go:86.19,88.6 1 0
github.com/loickreitmann/utils/upload_files.go:90.5,94.19 3 1
github.com/loickreitmann/utils/upload_files.go:94.19,99.14 3 1
github.com/loickreitmann/utils/upload_files.go:102.5,103.19 2 1
github.com/loickreitmann/utils/upload_files.go:103.19,105.6 1 0
github.com/loickreitmann/utils/upload_files.go:108.5,108.20 1 1
github.com/loickreitmann/utils/upload_files.go:108.20,110.6 1 1
github.com/loickreitmann/utils/upload_files.go:110.11,112.6 1 1
github.com/loickreitmann/utils/upload_files.go:115.5,118.101 3 1
github.com/loickreitmann/utils/upload_files.go:118.101,120.6 1 0
github.com/loickreitmann/utils/upload_files.go:120.11,122.20 2 1
github.com/loickreitmann/utils/upload_files.go:122.20,124.7 1 0
github.com/loickreitmann/utils/upload_files.go:125.6,125.38 1 1
github.com/loickreitmann/utils/upload_files.go:127.5,127.57 1 1
github.com/loickreitmann/utils/upload_files.go:131.3,131.28 1 1
github.com/loickreitmann/utils/upload_files.go:134.2,134.27 1 1
github.com/loickreitmann/utils/utils.go:11.19,18.2 1 1
